Game name: tictactoe_v3
Number of players: 2
Meta strategy method: nash
Oracle type: DQN

===========================

Iteration : 1
Time so far: 0.000186920166015625
Meta game : [array([[ 0. , -0.5],
       [ 0.5,  0. ]]), array([[ 0. ,  0.5],
       [-0.5,  0. ]])]
Probabilities : [array([0., 1.]), array([0., 1.])]
Nash Probabilities : [array([0., 1.]), array([0., 1.])]

===========================

Iteration : 2
Time so far: 0.560107946395874
Meta game : [array([[ 0. , -0.5,  0.5],
       [ 0.5,  0. , -0.5],
       [-0.5,  0.5,  0. ]]), array([[ 0. ,  0.5, -0.5],
       [-0.5,  0. ,  0.5],
       [ 0.5, -0.5,  0. ]])]
Probabilities : [array([0.33333333, 0.33333333, 0.33333333]), array([0.33333333, 0.33333333, 0.33333333])]
Nash Probabilities : [array([0.33333333, 0.33333333, 0.33333333]), array([0.33333333, 0.33333333, 0.33333333])]

===========================

Iteration : 3
Time so far: 0.7970678806304932
Meta game : [array([[ 0. , -0.5,  0.5, -0.5],
       [ 0.5,  0. , -0.5, -0.5],
       [-0.5,  0.5,  0. , -0.5],
       [ 0.5,  0.5,  0.5,  0. ]]), array([[ 0. ,  0.5, -0.5,  0.5],
       [-0.5,  0. ,  0.5,  0.5],
       [ 0.5, -0.5,  0. ,  0.5],
       [-0.5, -0.5, -0.5,  0. ]])]
Probabilities : [array([0., 0., 0., 1.]), array([0., 0., 0., 1.])]
Nash Probabilities : [array([0., 0., 0., 1.]), array([0., 0., 0., 1.])]

===========================

Iteration : 4
Time so far: 1.052900791168213
Meta game : [array([[ 0. , -0.5,  0.5, -0.5, -0.5],
       [ 0.5,  0. , -0.5, -0.5, -0.5],
       [-0.5,  0.5,  0. , -0.5, -0.5],
       [ 0.5,  0.5,  0.5,  0. , -0.5],
       [ 0.5,  0.5,  0.5,  0.5,  0. ]]), array([[ 0. ,  0.5, -0.5,  0.5,  0.5],
       [-0.5,  0. ,  0.5,  0.5,  0.5],
       [ 0.5, -0.5,  0. ,  0.5,  0.5],
       [-0.5, -0.5, -0.5,  0. ,  0.5],
       [-0.5, -0.5, -0.5, -0.5,  0. ]])]
Probabilities : [array([0., 0., 0., 0., 1.]), array([0., 0., 0., 0., 1.])]
Nash Probabilities : [array([0., 0., 0., 0., 1.]), array([0., 0., 0., 0., 1.])]

===========================

Iteration : 5
Time so far: 1.351609706878662
Meta game : [array([[ 0. , -0.5,  0.5, -0.5, -0.5, -0.5],
       [ 0.5,  0. , -0.5, -0.5, -0.5, -0.5],
       [-0.5,  0.5,  0. , -0.5, -0.5,  0. ],
       [ 0.5,  0.5,  0.5,  0. , -0.5, -0.5],
       [ 0.5,  0.5,  0.5,  0.5,  0. , -0.5],
       [ 0.5,  0.5,  0. ,  0.5,  0.5,  0. ]]), array([[ 0. ,  0.5, -0.5,  0.5,  0.5,  0.5],
       [-0.5,  0. ,  0.5,  0.5,  0.5,  0.5],
       [ 0.5, -0.5,  0. ,  0.5,  0.5,  0. ],
       [-0.5, -0.5, -0.5,  0. ,  0.5,  0.5],
       [-0.5, -0.5, -0.5, -0.5,  0. ,  0.5],
       [-0.5, -0.5,  0. , -0.5, -0.5,  0. ]])]
Probabilities : [array([0. , 0. , 0.5, 0. , 0. , 0.5]), array([0. , 0. , 0.5, 0. , 0. , 0.5])]
Nash Probabilities : [array([0. , 0. , 0.5, 0. , 0. , 0.5]), array([0. , 0. , 0.5, 0. , 0. , 0.5])]
